mode: set
github.com/canadadry/pml/compiler/compiler.go:12.86,14.16 2 0
github.com/canadadry/pml/compiler/compiler.go:18.2,21.16 4 0
github.com/canadadry/pml/compiler/compiler.go:25.2,27.16 3 0
github.com/canadadry/pml/compiler/compiler.go:30.2,30.12 1 0
github.com/canadadry/pml/compiler/compiler.go:14.16,16.3 1 0
github.com/canadadry/pml/compiler/compiler.go:21.16,23.3 1 0
github.com/canadadry/pml/compiler/compiler.go:27.16,29.3 1 0
github.com/canadadry/pml/compiler/ast/ast.go:30.37,32.2 1 0
github.com/canadadry/pml/compiler/ast/ast.go:34.104,37.9 2 0
github.com/canadadry/pml/compiler/ast/ast.go:41.2,41.35 1 0
github.com/canadadry/pml/compiler/ast/ast.go:44.2,52.16 4 0
github.com/canadadry/pml/compiler/ast/ast.go:59.2,59.15 1 0
github.com/canadadry/pml/compiler/ast/ast.go:37.9,39.3 1 0
github.com/canadadry/pml/compiler/ast/ast.go:41.35,43.3 1 0
github.com/canadadry/pml/compiler/ast/ast.go:53.9,54.59 1 0
github.com/canadadry/pml/compiler/ast/ast.go:55.10,56.48 1 0
github.com/canadadry/pml/compiler/ast/ast.go:61.98,63.9 2 0
github.com/canadadry/pml/compiler/ast/ast.go:67.2,67.35 1 0
github.com/canadadry/pml/compiler/ast/ast.go:71.2,72.16 2 0
github.com/canadadry/pml/compiler/ast/ast.go:75.2,75.19 1 0
github.com/canadadry/pml/compiler/ast/ast.go:63.9,65.3 1 0
github.com/canadadry/pml/compiler/ast/ast.go:67.35,69.3 1 0
github.com/canadadry/pml/compiler/ast/ast.go:72.16,74.3 1 0
github.com/canadadry/pml/compiler/ast/ast.go:77.97,80.9 2 0
github.com/canadadry/pml/compiler/ast/ast.go:84.2,84.36 1 0
github.com/canadadry/pml/compiler/ast/ast.go:87.2,87.31 1 0
github.com/canadadry/pml/compiler/ast/ast.go:80.9,82.3 1 0
github.com/canadadry/pml/compiler/ast/ast.go:84.36,86.3 1 0
github.com/canadadry/pml/compiler/ast/ast.go:89.101,92.9 2 0
github.com/canadadry/pml/compiler/ast/ast.go:96.2,96.40 1 0
github.com/canadadry/pml/compiler/ast/ast.go:99.2,99.31 1 0
github.com/canadadry/pml/compiler/ast/ast.go:92.9,94.3 1 0
github.com/canadadry/pml/compiler/ast/ast.go:96.40,98.3 1 0
github.com/canadadry/pml/compiler/lexer/lexer.go:16.32,27.2 3 1
github.com/canadadry/pml/compiler/lexer/lexer.go:29.48,30.29 1 1
github.com/canadadry/pml/compiler/lexer/lexer.go:33.2,40.18 2 1
github.com/canadadry/pml/compiler/lexer/lexer.go:76.2,76.12 1 1
github.com/canadadry/pml/compiler/lexer/lexer.go:30.29,32.3 1 1
github.com/canadadry/pml/compiler/lexer/lexer.go:41.11,43.19 2 1
github.com/canadadry/pml/compiler/lexer/lexer.go:44.11,46.19 2 1
github.com/canadadry/pml/compiler/lexer/lexer.go:47.11,49.19 2 1
github.com/canadadry/pml/compiler/lexer/lexer.go:50.9,53.19 3 1
github.com/canadadry/pml/compiler/lexer/lexer.go:54.11,57.35 3 1
github.com/canadadry/pml/compiler/lexer/lexer.go:58.11,60.44 2 1
github.com/canadadry/pml/compiler/lexer/lexer.go:61.10,62.10 1 1
github.com/canadadry/pml/compiler/lexer/lexer.go:63.27,65.40 2 1
github.com/canadadry/pml/compiler/lexer/lexer.go:66.28,69.24 3 1
github.com/canadadry/pml/compiler/lexer/lexer.go:70.11,72.20 2 1
github.com/canadadry/pml/compiler/lexer/lexer.go:79.32,83.22 2 1
github.com/canadadry/pml/compiler/lexer/lexer.go:88.2,90.36 2 1
github.com/canadadry/pml/compiler/lexer/lexer.go:94.2,95.17 2 1
github.com/canadadry/pml/compiler/lexer/lexer.go:83.22,86.3 2 1
github.com/canadadry/pml/compiler/lexer/lexer.go:90.36,92.3 1 1
github.com/canadadry/pml/compiler/lexer/lexer.go:99.29,101.2 1 1
github.com/canadadry/pml/compiler/lexer/lexer.go:103.45,105.48 2 1
github.com/canadadry/pml/compiler/lexer/lexer.go:108.2,108.42 1 1
github.com/canadadry/pml/compiler/lexer/lexer.go:105.48,107.3 1 1
github.com/canadadry/pml/compiler/lexer/lexer.go:111.30,113.2 1 1
github.com/canadadry/pml/compiler/lexer/lexer.go:115.61,117.26 2 1
github.com/canadadry/pml/compiler/lexer/lexer.go:121.2,121.14 1 1
github.com/canadadry/pml/compiler/lexer/lexer.go:138.2,138.55 1 1
github.com/canadadry/pml/compiler/lexer/lexer.go:117.26,119.3 1 1
github.com/canadadry/pml/compiler/lexer/lexer.go:122.26,123.3 1 1
github.com/canadadry/pml/compiler/lexer/lexer.go:129.23,130.3 1 1
github.com/canadadry/pml/compiler/lexer/lexer.go:123.3,124.50 1 1
github.com/canadadry/pml/compiler/lexer/lexer.go:127.4,127.59 1 1
github.com/canadadry/pml/compiler/lexer/lexer.go:124.50,126.5 1 1
github.com/canadadry/pml/compiler/lexer/lexer.go:130.3,132.28 2 1
github.com/canadadry/pml/compiler/lexer/lexer.go:132.28,134.5 1 1
github.com/canadadry/pml/compiler/lexer/lexer.go:141.33,143.2 1 1
github.com/canadadry/pml/compiler/lexer/lexer.go:145.41,147.39 2 1
github.com/canadadry/pml/compiler/lexer/lexer.go:150.2,151.42 2 1
github.com/canadadry/pml/compiler/lexer/lexer.go:147.39,149.3 1 1
github.com/canadadry/pml/compiler/lexer/lexer.go:154.26,156.2 1 1
github.com/canadadry/pml/compiler/lexer/lexer.go:158.31,160.2 1 1
github.com/canadadry/pml/compiler/lexer/lexer.go:162.59,164.27 2 1
github.com/canadadry/pml/compiler/lexer/lexer.go:167.2,168.32 2 1
github.com/canadadry/pml/compiler/lexer/lexer.go:171.2,171.55 1 1
github.com/canadadry/pml/compiler/lexer/lexer.go:164.27,166.3 1 1
github.com/canadadry/pml/compiler/lexer/lexer.go:168.32,170.3 1 1
github.com/canadadry/pml/main.go:13.13,14.30 1 0
github.com/canadadry/pml/main.go:14.30,17.3 2 0
github.com/canadadry/pml/main.go:20.18,28.25 5 0
github.com/canadadry/pml/main.go:33.2,34.16 2 0
github.com/canadadry/pml/main.go:37.2,41.16 4 0
github.com/canadadry/pml/main.go:47.2,48.16 2 0
github.com/canadadry/pml/main.go:51.2,53.59 2 0
github.com/canadadry/pml/main.go:28.25,31.3 2 0
github.com/canadadry/pml/main.go:34.16,36.3 1 0
github.com/canadadry/pml/main.go:41.16,43.3 1 0
github.com/canadadry/pml/main.go:43.8,45.3 1 0
github.com/canadadry/pml/main.go:48.16,50.3 1 0
github.com/canadadry/pml/compiler/parser/parse_item.go:9.49,10.42 1 1
github.com/canadadry/pml/compiler/parser/parse_item.go:14.2,21.16 3 1
github.com/canadadry/pml/compiler/parser/parse_item.go:25.2,25.39 1 1
github.com/canadadry/pml/compiler/parser/parse_item.go:43.2,44.16 2 1
github.com/canadadry/pml/compiler/parser/parse_item.go:48.2,48.18 1 1
github.com/canadadry/pml/compiler/parser/parse_item.go:10.42,12.3 1 1
github.com/canadadry/pml/compiler/parser/parse_item.go:21.16,23.3 1 1
github.com/canadadry/pml/compiler/parser/parse_item.go:25.39,28.33 2 1
github.com/canadadry/pml/compiler/parser/parse_item.go:28.33,29.54 1 1
github.com/canadadry/pml/compiler/parser/parse_item.go:29.54,31.5 1 1
github.com/canadadry/pml/compiler/parser/parse_item.go:32.9,32.46 1 1
github.com/canadadry/pml/compiler/parser/parse_item.go:32.46,34.18 2 1
github.com/canadadry/pml/compiler/parser/parse_item.go:37.4,37.49 1 1
github.com/canadadry/pml/compiler/parser/parse_item.go:34.18,36.5 1 1
github.com/canadadry/pml/compiler/parser/parse_item.go:38.9,40.4 1 1
github.com/canadadry/pml/compiler/parser/parse_item.go:44.16,46.3 1 1
github.com/canadadry/pml/compiler/parser/parse_item.go:51.60,57.8 5 1
github.com/canadadry/pml/compiler/parser/parse_item.go:60.2,61.16 2 1
github.com/canadadry/pml/compiler/parser/parse_item.go:64.2,66.12 2 1
github.com/canadadry/pml/compiler/parser/parse_item.go:57.8,59.3 1 1
github.com/canadadry/pml/compiler/parser/parse_item.go:61.16,63.3 1 1
github.com/canadadry/pml/compiler/parser/parse_item.go:69.51,74.24 2 1
github.com/canadadry/pml/compiler/parser/parse_item.go:85.2,85.81 1 1
github.com/canadadry/pml/compiler/parser/parse_item.go:75.24,76.16 1 1
github.com/canadadry/pml/compiler/parser/parse_item.go:77.19,78.16 1 1
github.com/canadadry/pml/compiler/parser/parse_item.go:79.20,80.16 1 1
github.com/canadadry/pml/compiler/parser/parse_item.go:81.19,82.16 1 1
github.com/canadadry/pml/compiler/parser/parser.go:16.33,22.2 1 1
github.com/canadadry/pml/compiler/parser/parser.go:24.45,26.2 1 1
github.com/canadadry/pml/compiler/parser/parser.go:28.34,31.2 2 1
github.com/canadadry/pml/compiler/parser/parser.go:33.58,35.2 1 1
github.com/canadadry/pml/compiler/parser/parser.go:36.55,38.2 1 1
github.com/canadadry/pml/compiler/parser/parser.go:40.62,41.24 1 1
github.com/canadadry/pml/compiler/parser/parser.go:44.2,46.12 2 1
github.com/canadadry/pml/compiler/parser/parser.go:41.24,43.3 1 1
github.com/canadadry/pml/pkg/matrix/matrix.go:24.10,28.2 1 1
github.com/canadadry/pml/pkg/matrix/matrix.go:30.24,32.2 1 1
github.com/canadadry/pml/pkg/matrix/matrix.go:34.32,36.2 1 1
github.com/canadadry/pml/pkg/matrix/matrix.go:38.45,50.2 1 1
github.com/canadadry/pml/pkg/matrix/matrix.go:52.86,54.2 1 1
github.com/canadadry/pml/pkg/matrix/matrix.go:56.71,59.2 2 1
github.com/canadadry/pml/pkg/matrix/matrix.go:61.54,68.2 2 1
github.com/canadadry/pml/pkg/matrix/matrix.go:70.46,80.2 4 1
github.com/canadadry/pml/pkg/matrix/matrix.go:82.58,90.2 2 1
github.com/canadadry/pml/pkg/matrix/matrix.go:92.50,94.44 2 1
github.com/canadadry/pml/pkg/matrix/matrix.go:97.2,97.44 1 1
github.com/canadadry/pml/pkg/matrix/matrix.go:100.2,100.44 1 1
github.com/canadadry/pml/pkg/matrix/matrix.go:103.2,103.44 1 1
github.com/canadadry/pml/pkg/matrix/matrix.go:106.2,106.44 1 1
github.com/canadadry/pml/pkg/matrix/matrix.go:109.2,109.44 1 1
github.com/canadadry/pml/pkg/matrix/matrix.go:112.2,112.44 1 1
github.com/canadadry/pml/pkg/matrix/matrix.go:115.2,115.44 1 1
github.com/canadadry/pml/pkg/matrix/matrix.go:118.2,118.44 1 1
github.com/canadadry/pml/pkg/matrix/matrix.go:121.2,121.12 1 1
github.com/canadadry/pml/pkg/matrix/matrix.go:94.44,96.3 1 1
github.com/canadadry/pml/pkg/matrix/matrix.go:97.44,99.3 1 0
github.com/canadadry/pml/pkg/matrix/matrix.go:100.44,102.3 1 1
github.com/canadadry/pml/pkg/matrix/matrix.go:103.44,105.3 1 0
github.com/canadadry/pml/pkg/matrix/matrix.go:106.44,108.3 1 0
github.com/canadadry/pml/pkg/matrix/matrix.go:109.44,111.3 1 0
github.com/canadadry/pml/pkg/matrix/matrix.go:112.44,114.3 1 0
github.com/canadadry/pml/pkg/matrix/matrix.go:115.44,117.3 1 0
github.com/canadadry/pml/pkg/matrix/matrix.go:118.44,120.3 1 0
github.com/canadadry/pml/compiler/renderer/node_generator.go:34.45,36.44 1 1
github.com/canadadry/pml/compiler/renderer/node_generator.go:39.2,39.27 1 1
github.com/canadadry/pml/compiler/renderer/node_generator.go:36.44,38.3 1 1
github.com/canadadry/pml/compiler/renderer/node_generator.go:42.49,44.16 2 1
github.com/canadadry/pml/compiler/renderer/node_generator.go:47.2,48.16 2 1
github.com/canadadry/pml/compiler/renderer/node_generator.go:51.2,51.34 1 1
github.com/canadadry/pml/compiler/renderer/node_generator.go:61.2,61.15 1 1
github.com/canadadry/pml/compiler/renderer/node_generator.go:44.16,46.3 1 1
github.com/canadadry/pml/compiler/renderer/node_generator.go:48.16,50.3 1 1
github.com/canadadry/pml/compiler/renderer/node_generator.go:51.34,53.17 2 1
github.com/canadadry/pml/compiler/renderer/node_generator.go:56.3,57.17 2 1
github.com/canadadry/pml/compiler/renderer/node_generator.go:53.17,55.4 1 1
github.com/canadadry/pml/compiler/renderer/node_generator.go:57.17,59.4 1 1
github.com/canadadry/pml/compiler/renderer/node_generator.go:64.51,65.32 1 1
github.com/canadadry/pml/compiler/renderer/node_generator.go:85.2,85.29 1 1
github.com/canadadry/pml/compiler/renderer/node_generator.go:66.20,67.48 1 1
github.com/canadadry/pml/compiler/renderer/node_generator.go:68.16,69.44 1 1
github.com/canadadry/pml/compiler/renderer/node_generator.go:70.21,71.49 1 1
github.com/canadadry/pml/compiler/renderer/node_generator.go:72.16,73.26 1 1
github.com/canadadry/pml/compiler/renderer/node_generator.go:74.16,75.26 1 1
github.com/canadadry/pml/compiler/renderer/node_generator.go:76.17,77.27 1 1
github.com/canadadry/pml/compiler/renderer/node_generator.go:78.18,79.28 1 1
github.com/canadadry/pml/compiler/renderer/node_generator.go:80.21,81.31 1 1
github.com/canadadry/pml/compiler/renderer/node_generator.go:82.21,83.31 1 1
github.com/canadadry/pml/compiler/renderer/node_generator.go:92.43,92.65 1 1
github.com/canadadry/pml/compiler/renderer/node_generator.go:93.52,94.22 1 1
github.com/canadadry/pml/compiler/renderer/node_generator.go:112.2,113.12 2 1
github.com/canadadry/pml/compiler/renderer/node_generator.go:95.21,96.31 1 1
github.com/canadadry/pml/compiler/renderer/node_generator.go:97.17,97.17 0 1
github.com/canadadry/pml/compiler/renderer/node_generator.go:98.22,99.31 1 1
github.com/canadadry/pml/compiler/renderer/node_generator.go:100.17,101.31 1 1
github.com/canadadry/pml/compiler/renderer/node_generator.go:102.17,102.17 0 1
github.com/canadadry/pml/compiler/renderer/node_generator.go:103.18,104.31 1 1
github.com/canadadry/pml/compiler/renderer/node_generator.go:105.19,106.31 1 1
github.com/canadadry/pml/compiler/renderer/node_generator.go:107.22,108.31 1 1
github.com/canadadry/pml/compiler/renderer/node_generator.go:109.22,110.31 1 1
github.com/canadadry/pml/compiler/renderer/node_generator.go:115.51,115.65 1 1
github.com/canadadry/pml/compiler/renderer/node_generator.go:121.39,121.61 1 1
github.com/canadadry/pml/compiler/renderer/node_generator.go:122.48,123.22 1 1
github.com/canadadry/pml/compiler/renderer/node_generator.go:137.2,138.12 2 1
github.com/canadadry/pml/compiler/renderer/node_generator.go:124.21,125.31 1 1
github.com/canadadry/pml/compiler/renderer/node_generator.go:126.17,127.31 1 1
github.com/canadadry/pml/compiler/renderer/node_generator.go:128.22,128.22 0 1
github.com/canadadry/pml/compiler/renderer/node_generator.go:129.17,129.17 0 1
github.com/canadadry/pml/compiler/renderer/node_generator.go:130.17,131.31 1 1
github.com/canadadry/pml/compiler/renderer/node_generator.go:132.18,132.18 0 1
github.com/canadadry/pml/compiler/renderer/node_generator.go:133.19,133.19 0 1
github.com/canadadry/pml/compiler/renderer/node_generator.go:134.22,134.22 0 1
github.com/canadadry/pml/compiler/renderer/node_generator.go:135.22,135.22 0 1
github.com/canadadry/pml/compiler/renderer/node_generator.go:140.47,140.61 1 1
github.com/canadadry/pml/compiler/renderer/node_generator.go:151.44,151.66 1 1
github.com/canadadry/pml/compiler/renderer/node_generator.go:152.53,153.22 1 1
github.com/canadadry/pml/compiler/renderer/node_generator.go:168.2,169.12 2 1
github.com/canadadry/pml/compiler/renderer/node_generator.go:154.21,155.31 1 1
github.com/canadadry/pml/compiler/renderer/node_generator.go:156.17,157.31 1 1
github.com/canadadry/pml/compiler/renderer/node_generator.go:158.22,158.22 0 1
github.com/canadadry/pml/compiler/renderer/node_generator.go:159.17,159.17 0 1
github.com/canadadry/pml/compiler/renderer/node_generator.go:160.17,161.31 1 1
github.com/canadadry/pml/compiler/renderer/node_generator.go:162.18,162.18 0 1
github.com/canadadry/pml/compiler/renderer/node_generator.go:163.19,163.19 0 1
github.com/canadadry/pml/compiler/renderer/node_generator.go:164.22,164.22 0 1
github.com/canadadry/pml/compiler/renderer/node_generator.go:165.22,166.31 1 1
github.com/canadadry/pml/compiler/renderer/node_generator.go:171.57,175.16 3 1
github.com/canadadry/pml/compiler/renderer/node_generator.go:178.2,179.16 2 1
github.com/canadadry/pml/compiler/renderer/node_generator.go:182.2,183.16 2 1
github.com/canadadry/pml/compiler/renderer/node_generator.go:186.2,187.16 2 1
github.com/canadadry/pml/compiler/renderer/node_generator.go:190.2,191.16 2 1
github.com/canadadry/pml/compiler/renderer/node_generator.go:194.2,194.12 1 1
github.com/canadadry/pml/compiler/renderer/node_generator.go:175.16,177.3 1 1
github.com/canadadry/pml/compiler/renderer/node_generator.go:179.16,181.3 1 1
github.com/canadadry/pml/compiler/renderer/node_generator.go:183.16,185.3 1 1
github.com/canadadry/pml/compiler/renderer/node_generator.go:187.16,189.3 1 1
github.com/canadadry/pml/compiler/renderer/node_generator.go:191.16,193.3 1 1
github.com/canadadry/pml/compiler/renderer/node_generator.go:209.48,209.62 1 1
github.com/canadadry/pml/compiler/renderer/node_generator.go:210.48,210.80 1 1
github.com/canadadry/pml/compiler/renderer/node_generator.go:211.52,214.16 3 1
github.com/canadadry/pml/compiler/renderer/node_generator.go:217.2,218.16 2 1
github.com/canadadry/pml/compiler/renderer/node_generator.go:221.2,222.16 2 1
github.com/canadadry/pml/compiler/renderer/node_generator.go:225.2,226.16 2 1
github.com/canadadry/pml/compiler/renderer/node_generator.go:229.2,230.16 2 1
github.com/canadadry/pml/compiler/renderer/node_generator.go:233.2,234.16 2 1
github.com/canadadry/pml/compiler/renderer/node_generator.go:237.2,238.16 2 1
github.com/canadadry/pml/compiler/renderer/node_generator.go:241.2,242.16 2 1
github.com/canadadry/pml/compiler/renderer/node_generator.go:245.2,246.16 2 1
github.com/canadadry/pml/compiler/renderer/node_generator.go:249.2,249.12 1 1
github.com/canadadry/pml/compiler/renderer/node_generator.go:214.16,216.3 1 1
github.com/canadadry/pml/compiler/renderer/node_generator.go:218.16,220.3 1 1
github.com/canadadry/pml/compiler/renderer/node_generator.go:222.16,224.3 1 1
github.com/canadadry/pml/compiler/renderer/node_generator.go:226.16,228.3 1 1
github.com/canadadry/pml/compiler/renderer/node_generator.go:230.16,232.3 1 1
github.com/canadadry/pml/compiler/renderer/node_generator.go:234.16,236.3 1 1
github.com/canadadry/pml/compiler/renderer/node_generator.go:238.16,240.3 1 1
github.com/canadadry/pml/compiler/renderer/node_generator.go:242.16,244.3 1 1
github.com/canadadry/pml/compiler/renderer/node_generator.go:246.16,248.3 1 1
github.com/canadadry/pml/compiler/renderer/node_generator.go:257.48,257.62 1 1
github.com/canadadry/pml/compiler/renderer/node_generator.go:258.48,258.80 1 1
github.com/canadadry/pml/compiler/renderer/node_generator.go:259.52,262.16 3 1
github.com/canadadry/pml/compiler/renderer/node_generator.go:265.2,266.16 2 1
github.com/canadadry/pml/compiler/renderer/node_generator.go:269.2,269.12 1 1
github.com/canadadry/pml/compiler/renderer/node_generator.go:262.16,264.3 1 1
github.com/canadadry/pml/compiler/renderer/node_generator.go:266.16,268.3 1 1
github.com/canadadry/pml/compiler/renderer/node_generator.go:281.49,281.63 1 1
github.com/canadadry/pml/compiler/renderer/node_generator.go:282.49,282.81 1 1
github.com/canadadry/pml/compiler/renderer/node_generator.go:283.53,286.16 3 1
github.com/canadadry/pml/compiler/renderer/node_generator.go:289.2,290.16 2 1
github.com/canadadry/pml/compiler/renderer/node_generator.go:293.2,294.16 2 1
github.com/canadadry/pml/compiler/renderer/node_generator.go:297.2,298.16 2 1
github.com/canadadry/pml/compiler/renderer/node_generator.go:301.2,302.16 2 1
github.com/canadadry/pml/compiler/renderer/node_generator.go:305.2,306.16 2 1
github.com/canadadry/pml/compiler/renderer/node_generator.go:309.2,309.12 1 1
github.com/canadadry/pml/compiler/renderer/node_generator.go:286.16,288.3 1 1
github.com/canadadry/pml/compiler/renderer/node_generator.go:290.16,292.3 1 1
github.com/canadadry/pml/compiler/renderer/node_generator.go:294.16,296.3 1 1
github.com/canadadry/pml/compiler/renderer/node_generator.go:298.16,300.3 1 1
github.com/canadadry/pml/compiler/renderer/node_generator.go:302.16,304.3 1 1
github.com/canadadry/pml/compiler/renderer/node_generator.go:306.16,308.3 1 1
github.com/canadadry/pml/compiler/renderer/node_generator.go:320.50,320.64 1 1
github.com/canadadry/pml/compiler/renderer/node_generator.go:321.50,321.82 1 1
github.com/canadadry/pml/compiler/renderer/node_generator.go:322.54,325.16 3 1
github.com/canadadry/pml/compiler/renderer/node_generator.go:328.2,329.16 2 1
github.com/canadadry/pml/compiler/renderer/node_generator.go:332.2,333.16 2 1
github.com/canadadry/pml/compiler/renderer/node_generator.go:336.2,337.16 2 1
github.com/canadadry/pml/compiler/renderer/node_generator.go:340.2,341.16 2 1
github.com/canadadry/pml/compiler/renderer/node_generator.go:344.2,344.12 1 1
github.com/canadadry/pml/compiler/renderer/node_generator.go:325.16,327.3 1 1
github.com/canadadry/pml/compiler/renderer/node_generator.go:329.16,331.3 1 1
github.com/canadadry/pml/compiler/renderer/node_generator.go:333.16,335.3 1 1
github.com/canadadry/pml/compiler/renderer/node_generator.go:337.16,339.3 1 1
github.com/canadadry/pml/compiler/renderer/node_generator.go:341.16,343.3 1 1
github.com/canadadry/pml/compiler/renderer/node_generator.go:356.44,356.66 1 1
github.com/canadadry/pml/compiler/renderer/node_generator.go:357.53,358.22 1 1
github.com/canadadry/pml/compiler/renderer/node_generator.go:377.2,378.12 2 1
github.com/canadadry/pml/compiler/renderer/node_generator.go:359.21,360.31 1 1
github.com/canadadry/pml/compiler/renderer/node_generator.go:361.17,362.31 1 1
github.com/canadadry/pml/compiler/renderer/node_generator.go:363.22,364.31 1 1
github.com/canadadry/pml/compiler/renderer/node_generator.go:365.17,365.17 0 1
github.com/canadadry/pml/compiler/renderer/node_generator.go:366.17,367.31 1 1
github.com/canadadry/pml/compiler/renderer/node_generator.go:368.18,369.31 1 1
github.com/canadadry/pml/compiler/renderer/node_generator.go:370.19,371.31 1 1
github.com/canadadry/pml/compiler/renderer/node_generator.go:372.22,373.31 1 1
github.com/canadadry/pml/compiler/renderer/node_generator.go:374.22,375.31 1 1
github.com/canadadry/pml/compiler/renderer/node_generator.go:380.57,383.16 3 1
github.com/canadadry/pml/compiler/renderer/node_generator.go:386.2,387.16 2 1
github.com/canadadry/pml/compiler/renderer/node_generator.go:390.2,391.16 2 1
github.com/canadadry/pml/compiler/renderer/node_generator.go:394.2,395.16 2 1
github.com/canadadry/pml/compiler/renderer/node_generator.go:398.2,399.16 2 1
github.com/canadadry/pml/compiler/renderer/node_generator.go:402.2,402.12 1 1
github.com/canadadry/pml/compiler/renderer/node_generator.go:383.16,385.3 1 1
github.com/canadadry/pml/compiler/renderer/node_generator.go:387.16,389.3 1 1
github.com/canadadry/pml/compiler/renderer/node_generator.go:391.16,393.3 1 1
github.com/canadadry/pml/compiler/renderer/node_generator.go:395.16,397.3 1 1
github.com/canadadry/pml/compiler/renderer/node_generator.go:399.16,401.3 1 1
github.com/canadadry/pml/compiler/renderer/node_generator.go:411.44,411.66 1 1
github.com/canadadry/pml/compiler/renderer/node_generator.go:412.53,413.22 1 1
github.com/canadadry/pml/compiler/renderer/node_generator.go:427.2,428.12 2 1
github.com/canadadry/pml/compiler/renderer/node_generator.go:414.21,415.31 1 1
github.com/canadadry/pml/compiler/renderer/node_generator.go:416.17,417.31 1 1
github.com/canadadry/pml/compiler/renderer/node_generator.go:418.22,418.22 0 1
github.com/canadadry/pml/compiler/renderer/node_generator.go:419.17,419.17 0 1
github.com/canadadry/pml/compiler/renderer/node_generator.go:420.17,421.31 1 1
github.com/canadadry/pml/compiler/renderer/node_generator.go:422.18,422.18 0 1
github.com/canadadry/pml/compiler/renderer/node_generator.go:423.19,423.19 0 1
github.com/canadadry/pml/compiler/renderer/node_generator.go:424.22,424.22 0 1
github.com/canadadry/pml/compiler/renderer/node_generator.go:425.22,425.22 0 1
github.com/canadadry/pml/compiler/renderer/node_generator.go:430.57,433.16 3 1
github.com/canadadry/pml/compiler/renderer/node_generator.go:436.2,437.16 2 1
github.com/canadadry/pml/compiler/renderer/node_generator.go:440.2,440.12 1 1
github.com/canadadry/pml/compiler/renderer/node_generator.go:433.16,435.3 1 1
github.com/canadadry/pml/compiler/renderer/node_generator.go:437.16,439.3 1 1
github.com/canadadry/pml/compiler/renderer/node_renderer.go:28.46,33.2 1 1
github.com/canadadry/pml/compiler/renderer/node_renderer.go:35.49,38.16 2 1
github.com/canadadry/pml/compiler/renderer/node_renderer.go:41.2,41.30 1 1
github.com/canadadry/pml/compiler/renderer/node_renderer.go:38.16,40.3 1 1
github.com/canadadry/pml/compiler/renderer/node_renderer.go:44.91,49.26 3 1
github.com/canadadry/pml/compiler/renderer/node_renderer.go:136.2,136.17 1 1
github.com/canadadry/pml/compiler/renderer/node_renderer.go:145.2,145.17 1 1
github.com/canadadry/pml/compiler/renderer/node_renderer.go:149.2,149.12 1 1
github.com/canadadry/pml/compiler/renderer/node_renderer.go:50.21,52.21 2 1
github.com/canadadry/pml/compiler/renderer/node_renderer.go:53.17,54.16 1 1
github.com/canadadry/pml/compiler/renderer/node_renderer.go:55.22,59.26 4 1
github.com/canadadry/pml/compiler/renderer/node_renderer.go:60.17,61.27 1 1
github.com/canadadry/pml/compiler/renderer/node_renderer.go:64.3,66.87 3 1
github.com/canadadry/pml/compiler/renderer/node_renderer.go:67.17,68.31 1 1
github.com/canadadry/pml/compiler/renderer/node_renderer.go:69.18,70.23 1 1
github.com/canadadry/pml/compiler/renderer/node_renderer.go:73.3,74.28 2 1
github.com/canadadry/pml/compiler/renderer/node_renderer.go:88.3,88.61 1 1
github.com/canadadry/pml/compiler/renderer/node_renderer.go:89.19,90.23 1 1
github.com/canadadry/pml/compiler/renderer/node_renderer.go:93.3,94.17 2 1
github.com/canadadry/pml/compiler/renderer/node_renderer.go:97.3,98.64 2 1
github.com/canadadry/pml/compiler/renderer/node_renderer.go:99.22,104.41 4 1
github.com/canadadry/pml/compiler/renderer/node_renderer.go:129.22,131.26 2 1
github.com/canadadry/pml/compiler/renderer/node_renderer.go:132.10,133.47 1 0
github.com/canadadry/pml/compiler/renderer/node_renderer.go:61.27,63.4 1 1
github.com/canadadry/pml/compiler/renderer/node_renderer.go:70.23,72.4 1 1
github.com/canadadry/pml/compiler/renderer/node_renderer.go:74.28,76.18 2 1
github.com/canadadry/pml/compiler/renderer/node_renderer.go:79.4,80.13 2 1
github.com/canadadry/pml/compiler/renderer/node_renderer.go:76.18,78.5 1 1
github.com/canadadry/pml/compiler/renderer/node_renderer.go:81.9,83.18 2 1
github.com/canadadry/pml/compiler/renderer/node_renderer.go:86.4,86.33 1 1
github.com/canadadry/pml/compiler/renderer/node_renderer.go:83.18,85.5 1 1
github.com/canadadry/pml/compiler/renderer/node_renderer.go:90.23,92.4 1 1
github.com/canadadry/pml/compiler/renderer/node_renderer.go:94.17,96.4 1 1
github.com/canadadry/pml/compiler/renderer/node_renderer.go:104.41,107.11 3 1
github.com/canadadry/pml/compiler/renderer/node_renderer.go:110.4,110.36 1 1
github.com/canadadry/pml/compiler/renderer/node_renderer.go:114.4,117.37 3 1
github.com/canadadry/pml/compiler/renderer/node_renderer.go:107.11,109.5 1 0
github.com/canadadry/pml/compiler/renderer/node_renderer.go:110.36,112.5 1 1
github.com/canadadry/pml/compiler/renderer/node_renderer.go:117.37,123.20 6 1
github.com/canadadry/pml/compiler/renderer/node_renderer.go:123.20,126.6 2 1
github.com/canadadry/pml/compiler/renderer/node_renderer.go:136.17,137.41 1 1
github.com/canadadry/pml/compiler/renderer/node_renderer.go:137.41,139.18 2 1
github.com/canadadry/pml/compiler/renderer/node_renderer.go:139.18,141.5 1 1
github.com/canadadry/pml/compiler/renderer/node_renderer.go:145.17,147.3 1 1
github.com/canadadry/pml/pkg/svg/svgdrawer/drawer.go:29.53,33.2 1 0
github.com/canadadry/pml/pkg/svg/svgdrawer/drawer.go:35.53,39.2 1 0
github.com/canadadry/pml/pkg/svg/svgdrawer/drawer.go:41.105,45.2 1 0
github.com/canadadry/pml/pkg/svg/svgdrawer/drawer.go:47.46,51.2 1 0
github.com/canadadry/pml/pkg/svg/svg.go:10.96,13.16 2 1
github.com/canadadry/pml/pkg/svg/svg.go:17.2,18.16 2 1
github.com/canadadry/pml/pkg/svg/svg.go:22.2,22.21 1 1
github.com/canadadry/pml/pkg/svg/svg.go:13.16,15.3 1 0
github.com/canadadry/pml/pkg/svg/svg.go:18.16,20.3 1 0
github.com/canadadry/pml/pkg/pdf/pdf.go:43.45,47.2 1 0
github.com/canadadry/pml/pkg/pdf/pdf.go:49.49,55.2 1 0
github.com/canadadry/pml/pkg/pdf/pdf.go:57.25,59.2 1 0
github.com/canadadry/pml/pkg/pdf/pdf.go:61.42,63.2 1 0
github.com/canadadry/pml/pkg/pdf/pdf.go:65.73,67.2 1 0
github.com/canadadry/pml/pkg/pdf/pdf.go:69.68,75.45 5 0
github.com/canadadry/pml/pkg/pdf/pdf.go:81.2,82.12 2 0
github.com/canadadry/pml/pkg/pdf/pdf.go:75.45,77.17 2 0
github.com/canadadry/pml/pkg/pdf/pdf.go:77.17,79.4 1 0
github.com/canadadry/pml/pkg/pdf/pdf.go:85.60,89.2 2 0
github.com/canadadry/pml/pkg/pdf/pdf.go:91.43,93.2 1 0
github.com/canadadry/pml/pkg/pdf/pdf.go:95.42,97.2 1 0
github.com/canadadry/pml/pkg/pdf/pdf.go:99.115,101.9 2 0
github.com/canadadry/pml/pkg/pdf/pdf.go:104.2,105.74 2 0
github.com/canadadry/pml/pkg/pdf/pdf.go:101.9,103.3 1 0
github.com/canadadry/pml/pkg/pdf/pdf.go:108.78,112.32 4 0
github.com/canadadry/pml/pkg/pdf/pdf.go:119.2,119.29 1 0
github.com/canadadry/pml/pkg/pdf/pdf.go:112.32,114.27 2 0
github.com/canadadry/pml/pkg/pdf/pdf.go:117.3,117.25 1 0
github.com/canadadry/pml/pkg/pdf/pdf.go:114.27,116.4 1 0
github.com/canadadry/pml/pkg/pdf/pdf.go:122.95,145.2 7 0
github.com/canadadry/pml/pkg/pdf/pdf.go:147.93,149.2 1 0
github.com/canadadry/pml/pkg/pdf/pdf.go:151.43,153.2 1 0
github.com/canadadry/pml/pkg/pdf/pdf.go:155.44,157.2 1 0
github.com/canadadry/pml/pkg/pdf/pdf.go:159.44,161.2 1 0
github.com/canadadry/pml/pkg/pdf/pdf.go:163.96,166.2 1 0
github.com/canadadry/pml/pkg/pdf/pdf.go:168.47,177.12 6 0
github.com/canadadry/pml/pkg/pdf/pdf.go:180.2,180.22 1 0
github.com/canadadry/pml/pkg/pdf/pdf.go:184.2,184.24 1 0
github.com/canadadry/pml/pkg/pdf/pdf.go:177.12,179.3 1 0
github.com/canadadry/pml/pkg/pdf/pdf.go:180.22,182.3 1 0
github.com/canadadry/pml/pkg/pdf/pdf.go:187.39,189.24 2 0
github.com/canadadry/pml/pkg/pdf/pdf.go:192.2,192.22 1 0
github.com/canadadry/pml/pkg/pdf/pdf.go:189.24,191.3 1 0
github.com/canadadry/pml/pkg/pdf/pdf.go:195.48,200.2 4 0
github.com/canadadry/pml/pkg/svg/svgnode/circle.go:11.91,20.16 3 1
github.com/canadadry/pml/pkg/svg/svgnode/circle.go:23.2,24.16 2 1
github.com/canadadry/pml/pkg/svg/svgnode/circle.go:27.2,28.16 2 1
github.com/canadadry/pml/pkg/svg/svgnode/circle.go:33.2,43.16 3 1
github.com/canadadry/pml/pkg/svg/svgnode/circle.go:20.16,22.3 1 1
github.com/canadadry/pml/pkg/svg/svgnode/circle.go:24.16,26.3 1 1
github.com/canadadry/pml/pkg/svg/svgnode/circle.go:28.16,30.3 1 1
github.com/canadadry/pml/pkg/svg/svgnode/draw.go:8.51,12.34 2 1
github.com/canadadry/pml/pkg/svg/svgnode/draw.go:91.2,91.36 1 1
github.com/canadadry/pml/pkg/svg/svgnode/draw.go:97.2,97.12 1 1
github.com/canadadry/pml/pkg/svg/svgnode/draw.go:12.34,13.19 1 1
github.com/canadadry/pml/pkg/svg/svgnode/draw.go:14.12,18.18 4 1
github.com/canadadry/pml/pkg/svg/svgnode/draw.go:19.12,23.18 4 1
github.com/canadadry/pml/pkg/svg/svgnode/draw.go:24.12,28.18 4 1
github.com/canadadry/pml/pkg/svg/svgnode/draw.go:29.12,33.18 4 1
github.com/canadadry/pml/pkg/svg/svgnode/draw.go:34.12,37.18 3 1
github.com/canadadry/pml/pkg/svg/svgnode/draw.go:38.12,41.18 3 1
github.com/canadadry/pml/pkg/svg/svgnode/draw.go:42.12,45.18 3 1
github.com/canadadry/pml/pkg/svg/svgnode/draw.go:46.12,49.18 3 1
github.com/canadadry/pml/pkg/svg/svgnode/draw.go:50.12,51.44 1 1
github.com/canadadry/pml/pkg/svg/svgnode/draw.go:58.12,59.44 1 1
github.com/canadadry/pml/pkg/svg/svgnode/draw.go:66.12,67.44 1 1
github.com/canadadry/pml/pkg/svg/svgnode/draw.go:75.12,76.44 1 1
github.com/canadadry/pml/pkg/svg/svgnode/draw.go:84.12,85.28 1 1
github.com/canadadry/pml/pkg/svg/svgnode/draw.go:86.12,87.28 1 1
github.com/canadadry/pml/pkg/svg/svgnode/draw.go:51.44,57.5 5 1
github.com/canadadry/pml/pkg/svg/svgnode/draw.go:59.44,65.5 5 1
github.com/canadadry/pml/pkg/svg/svgnode/draw.go:67.44,74.5 6 1
github.com/canadadry/pml/pkg/svg/svgnode/draw.go:76.44,83.5 6 1
github.com/canadadry/pml/pkg/svg/svgnode/draw.go:91.36,93.17 2 0
github.com/canadadry/pml/pkg/svg/svgnode/draw.go:93.17,95.4 1 0
github.com/canadadry/pml/pkg/svg/svgnode/group.go:13.90,27.8 4 0
github.com/canadadry/pml/pkg/svg/svgnode/group.go:35.2,35.41 1 0
github.com/canadadry/pml/pkg/svg/svgnode/group.go:47.2,47.16 1 0
github.com/canadadry/pml/pkg/svg/svgnode/group.go:27.8,29.17 2 0
github.com/canadadry/pml/pkg/svg/svgnode/group.go:32.3,32.62 1 0
github.com/canadadry/pml/pkg/svg/svgnode/group.go:29.17,31.4 1 0
github.com/canadadry/pml/pkg/svg/svgnode/group.go:35.41,37.10 2 0
github.com/canadadry/pml/pkg/svg/svgnode/group.go:41.3,42.17 2 0
github.com/canadadry/pml/pkg/svg/svgnode/group.go:45.3,45.43 1 0
github.com/canadadry/pml/pkg/svg/svgnode/group.go:37.10,39.4 1 0
github.com/canadadry/pml/pkg/svg/svgnode/group.go:42.17,44.4 1 0
github.com/canadadry/pml/pkg/svg/svgnode/group.go:50.73,52.28 1 1
github.com/canadadry/pml/pkg/svg/svgnode/group.go:56.2,56.35 1 1
github.com/canadadry/pml/pkg/svg/svgnode/group.go:60.2,62.20 3 1
github.com/canadadry/pml/pkg/svg/svgnode/group.go:71.2,78.16 7 1
github.com/canadadry/pml/pkg/svg/svgnode/group.go:81.2,85.8 1 1
github.com/canadadry/pml/pkg/svg/svgnode/group.go:52.28,54.3 1 1
github.com/canadadry/pml/pkg/svg/svgnode/group.go:56.35,58.3 1 1
github.com/canadadry/pml/pkg/svg/svgnode/group.go:62.20,69.3 2 1
github.com/canadadry/pml/pkg/svg/svgnode/group.go:78.16,80.3 1 1
github.com/canadadry/pml/pkg/svg/svgnode/main.go:34.78,38.16 3 0
github.com/canadadry/pml/pkg/svg/svgnode/main.go:42.2,42.36 1 0
github.com/canadadry/pml/pkg/svg/svgnode/main.go:46.2,46.36 1 0
github.com/canadadry/pml/pkg/svg/svgnode/main.go:50.2,54.16 4 0
github.com/canadadry/pml/pkg/svg/svgnode/main.go:57.2,57.18 1 0
github.com/canadadry/pml/pkg/svg/svgnode/main.go:38.16,40.3 1 0
github.com/canadadry/pml/pkg/svg/svgnode/main.go:42.36,45.3 2 0
github.com/canadadry/pml/pkg/svg/svgnode/main.go:46.36,48.3 1 0
github.com/canadadry/pml/pkg/svg/svgnode/main.go:54.16,56.3 1 0
github.com/canadadry/pml/pkg/svg/svgnode/main.go:60.70,67.41 5 0
github.com/canadadry/pml/pkg/svg/svgnode/main.go:72.2,73.9 2 0
github.com/canadadry/pml/pkg/svg/svgnode/main.go:77.2,79.28 2 0
github.com/canadadry/pml/pkg/svg/svgnode/main.go:83.2,84.16 2 0
github.com/canadadry/pml/pkg/svg/svgnode/main.go:87.2,88.16 2 0
github.com/canadadry/pml/pkg/svg/svgnode/main.go:91.2,92.16 2 0
github.com/canadadry/pml/pkg/svg/svgnode/main.go:95.2,96.16 2 0
github.com/canadadry/pml/pkg/svg/svgnode/main.go:100.2,100.16 1 0
github.com/canadadry/pml/pkg/svg/svgnode/main.go:67.41,70.3 2 0
github.com/canadadry/pml/pkg/svg/svgnode/main.go:73.9,75.3 1 0
github.com/canadadry/pml/pkg/svg/svgnode/main.go:79.28,81.3 1 0
github.com/canadadry/pml/pkg/svg/svgnode/main.go:84.16,86.3 1 0
github.com/canadadry/pml/pkg/svg/svgnode/main.go:88.16,90.3 1 0
github.com/canadadry/pml/pkg/svg/svgnode/main.go:92.16,94.3 1 0
github.com/canadadry/pml/pkg/svg/svgnode/main.go:96.16,98.3 1 0
github.com/canadadry/pml/pkg/svg/svgnode/path.go:10.89,17.9 3 1
github.com/canadadry/pml/pkg/svg/svgnode/path.go:21.2,22.16 2 1
github.com/canadadry/pml/pkg/svg/svgnode/path.go:26.2,28.16 2 1
github.com/canadadry/pml/pkg/svg/svgnode/path.go:17.9,19.3 1 0
github.com/canadadry/pml/pkg/svg/svgnode/path.go:22.16,24.3 1 0
github.com/canadadry/pml/pkg/svg/svgnode/rectangle.go:10.94,19.16 3 1
github.com/canadadry/pml/pkg/svg/svgnode/rectangle.go:22.2,23.16 2 1
github.com/canadadry/pml/pkg/svg/svgnode/rectangle.go:26.2,27.16 2 1
github.com/canadadry/pml/pkg/svg/svgnode/rectangle.go:30.2,31.16 2 1
github.com/canadadry/pml/pkg/svg/svgnode/rectangle.go:35.2,43.16 2 1
github.com/canadadry/pml/pkg/svg/svgnode/rectangle.go:19.16,21.3 1 1
github.com/canadadry/pml/pkg/svg/svgnode/rectangle.go:23.16,25.3 1 1
github.com/canadadry/pml/pkg/svg/svgnode/rectangle.go:27.16,29.3 1 1
github.com/canadadry/pml/pkg/svg/svgnode/rectangle.go:31.16,33.3 1 1
github.com/canadadry/pml/pkg/svg/svgnode/style.go:13.95,22.9 3 1
github.com/canadadry/pml/pkg/svg/svgnode/style.go:26.2,28.25 2 0
github.com/canadadry/pml/pkg/svg/svgnode/style.go:61.2,61.10 1 0
github.com/canadadry/pml/pkg/svg/svgnode/style.go:22.9,24.3 1 1
github.com/canadadry/pml/pkg/svg/svgnode/style.go:28.25,30.20 2 0
github.com/canadadry/pml/pkg/svg/svgnode/style.go:33.3,33.17 1 0
github.com/canadadry/pml/pkg/svg/svgnode/style.go:30.20,31.12 1 0
github.com/canadadry/pml/pkg/svg/svgnode/style.go:34.15,36.18 2 0
github.com/canadadry/pml/pkg/svg/svgnode/style.go:39.4,40.17 2 0
github.com/canadadry/pml/pkg/svg/svgnode/style.go:41.17,43.18 2 0
github.com/canadadry/pml/pkg/svg/svgnode/style.go:46.4,47.22 2 0
github.com/canadadry/pml/pkg/svg/svgnode/style.go:48.23,50.38 1 0
github.com/canadadry/pml/pkg/svg/svgnode/style.go:36.18,37.13 1 0
github.com/canadadry/pml/pkg/svg/svgnode/style.go:43.18,44.13 1 0
github.com/canadadry/pml/pkg/svg/svgnode/style.go:50.38,52.19 2 0
github.com/canadadry/pml/pkg/svg/svgnode/style.go:55.5,56.28 2 0
github.com/canadadry/pml/pkg/svg/svgnode/style.go:52.19,53.14 1 0
github.com/canadadry/pml/pkg/svg/svgnode/style.go:64.60,66.52 1 0
github.com/canadadry/pml/pkg/svg/svgnode/style.go:74.2,76.25 3 0
github.com/canadadry/pml/pkg/svg/svgnode/style.go:79.2,80.16 2 0
github.com/canadadry/pml/pkg/svg/svgnode/style.go:83.2,84.16 2 0
github.com/canadadry/pml/pkg/svg/svgnode/style.go:87.2,88.16 2 0
github.com/canadadry/pml/pkg/svg/svgnode/style.go:92.2,92.57 1 0
github.com/canadadry/pml/pkg/svg/svgnode/style.go:66.52,68.10 2 0
github.com/canadadry/pml/pkg/svg/svgnode/style.go:71.3,71.18 1 0
github.com/canadadry/pml/pkg/svg/svgnode/style.go:68.10,70.4 1 0
github.com/canadadry/pml/pkg/svg/svgnode/style.go:76.25,78.3 1 0
github.com/canadadry/pml/pkg/svg/svgnode/style.go:80.16,82.3 1 0
github.com/canadadry/pml/pkg/svg/svgnode/style.go:84.16,86.3 1 0
github.com/canadadry/pml/pkg/svg/svgnode/style.go:88.16,90.3 1 0
github.com/canadadry/pml/pkg/svg/svgparser/svg_parser.go:25.48,27.16 2 1
github.com/canadadry/pml/pkg/svg/svgparser/svg_parser.go:30.2,33.16 4 1
github.com/canadadry/pml/pkg/svg/svgparser/svg_parser.go:36.2,36.65 1 1
github.com/canadadry/pml/pkg/svg/svgparser/svg_parser.go:39.2,39.21 1 1
github.com/canadadry/pml/pkg/svg/svgparser/svg_parser.go:27.16,29.3 1 0
github.com/canadadry/pml/pkg/svg/svgparser/svg_parser.go:33.16,35.3 1 0
github.com/canadadry/pml/pkg/svg/svgparser/svg_parser.go:36.65,38.3 1 0
github.com/canadadry/pml/pkg/svg/svgparser/svg_parser.go:42.62,43.6 1 1
github.com/canadadry/pml/pkg/svg/svgparser/svg_parser.go:58.2,58.24 1 1
github.com/canadadry/pml/pkg/svg/svgparser/svg_parser.go:43.6,45.36 2 1
github.com/canadadry/pml/pkg/svg/svgparser/svg_parser.go:49.3,49.17 1 1
github.com/canadadry/pml/pkg/svg/svgparser/svg_parser.go:53.3,53.34 1 1
github.com/canadadry/pml/pkg/svg/svgparser/svg_parser.go:45.36,46.9 1 1
github.com/canadadry/pml/pkg/svg/svgparser/svg_parser.go:49.17,51.4 1 0
github.com/canadadry/pml/pkg/svg/svgparser/svg_parser.go:54.25,55.35 1 1
github.com/canadadry/pml/pkg/svg/svgparser/svg_parser.go:61.50,64.34 3 1
github.com/canadadry/pml/pkg/svg/svgparser/svg_parser.go:67.2,69.16 3 1
github.com/canadadry/pml/pkg/svg/svgparser/svg_parser.go:64.34,66.3 1 1
github.com/canadadry/pml/pkg/svg/svgparser/svg_parser.go:72.54,73.6 1 1
github.com/canadadry/pml/pkg/svg/svgparser/svg_parser.go:105.2,105.12 1 1
github.com/canadadry/pml/pkg/svg/svgparser/svg_parser.go:73.6,75.36 2 1
github.com/canadadry/pml/pkg/svg/svgparser/svg_parser.go:79.3,79.17 1 1
github.com/canadadry/pml/pkg/svg/svgparser/svg_parser.go:83.3,83.34 1 1
github.com/canadadry/pml/pkg/svg/svgparser/svg_parser.go:75.36,76.9 1 1
github.com/canadadry/pml/pkg/svg/svgparser/svg_parser.go:79.17,81.4 1 0
github.com/canadadry/pml/pkg/svg/svgparser/svg_parser.go:84.25,87.18 3 1
github.com/canadadry/pml/pkg/svg/svgparser/svg_parser.go:91.4,91.48 1 1
github.com/canadadry/pml/pkg/svg/svgparser/svg_parser.go:93.21,95.18 2 1
github.com/canadadry/pml/pkg/svg/svgparser/svg_parser.go:99.23,100.36 1 1
github.com/canadadry/pml/pkg/svg/svgparser/svg_parser.go:87.18,89.5 1 0
github.com/canadadry/pml/pkg/svg/svgparser/svg_parser.go:95.18,97.5 1 1
github.com/canadadry/pml/pkg/svg/svgparser/svg_parser.go:100.36,102.5 1 1
github.com/canadadry/pml/pkg/svg/svgparser/svg_parser.go:108.75,110.9 2 0
github.com/canadadry/pml/pkg/svg/svgparser/svg_parser.go:114.2,115.16 2 0
github.com/canadadry/pml/pkg/svg/svgparser/svg_parser.go:119.2,119.20 1 0
github.com/canadadry/pml/pkg/svg/svgparser/svg_parser.go:110.9,112.3 1 0
github.com/canadadry/pml/pkg/svg/svgparser/svg_parser.go:115.16,117.3 1 0
github.com/canadadry/pml/pkg/svg/svgpath/ast.go:18.36,22.29 2 1
github.com/canadadry/pml/pkg/svg/svgpath/ast.go:26.2,26.58 1 1
github.com/canadadry/pml/pkg/svg/svgpath/ast.go:22.29,24.3 1 1
github.com/canadadry/pml/pkg/svg/svgpath/lexer.go:10.37,19.2 3 1
github.com/canadadry/pml/pkg/svg/svgpath/lexer.go:21.42,22.29 1 1
github.com/canadadry/pml/pkg/svg/svgpath/lexer.go:25.2,30.18 2 1
github.com/canadadry/pml/pkg/svg/svgpath/lexer.go:59.2,59.12 1 1
github.com/canadadry/pml/pkg/svg/svgpath/lexer.go:22.29,24.3 1 1
github.com/canadadry/pml/pkg/svg/svgpath/lexer.go:31.11,33.19 2 1
github.com/canadadry/pml/pkg/svg/svgpath/lexer.go:34.9,37.19 3 1
github.com/canadadry/pml/pkg/svg/svgpath/lexer.go:38.11,42.23 4 1
github.com/canadadry/pml/pkg/svg/svgpath/lexer.go:43.10,44.10 1 1
github.com/canadadry/pml/pkg/svg/svgpath/lexer.go:45.27,48.20 3 1
github.com/canadadry/pml/pkg/svg/svgpath/lexer.go:49.28,52.24 3 1
github.com/canadadry/pml/pkg/svg/svgpath/lexer.go:53.11,55.20 2 1
github.com/canadadry/pml/pkg/svg/svgpath/lexer.go:62.32,65.36 2 1
github.com/canadadry/pml/pkg/svg/svgpath/lexer.go:69.2,70.17 2 1
github.com/canadadry/pml/pkg/svg/svgpath/lexer.go:65.36,67.3 1 1
github.com/canadadry/pml/pkg/svg/svgpath/lexer.go:74.29,76.2 1 1
github.com/canadadry/pml/pkg/svg/svgpath/lexer.go:78.30,80.2 1 1
github.com/canadadry/pml/pkg/svg/svgpath/lexer.go:82.55,84.26 2 1
github.com/canadadry/pml/pkg/svg/svgpath/lexer.go:88.2,88.21 1 1
github.com/canadadry/pml/pkg/svg/svgpath/lexer.go:95.2,95.50 1 1
github.com/canadadry/pml/pkg/svg/svgpath/lexer.go:84.26,86.3 1 1
github.com/canadadry/pml/pkg/svg/svgpath/lexer.go:88.21,90.27 2 1
github.com/canadadry/pml/pkg/svg/svgpath/lexer.go:90.27,92.4 1 1
github.com/canadadry/pml/pkg/svg/svgpath/lexer.go:97.26,99.2 1 1
github.com/canadadry/pml/pkg/svg/svgpath/lexer.go:101.33,103.2 1 1
github.com/canadadry/pml/pkg/svg/svgpath/main.go:10.44,15.16 4 0
github.com/canadadry/pml/pkg/svg/svgpath/main.go:19.2,19.31 1 0
github.com/canadadry/pml/pkg/svg/svgpath/main.go:24.2,24.22 1 0
github.com/canadadry/pml/pkg/svg/svgpath/main.go:15.16,17.3 1 0
github.com/canadadry/pml/pkg/svg/svgpath/main.go:19.31,20.36 1 0
github.com/canadadry/pml/pkg/svg/svgpath/main.go:20.36,22.4 1 0
github.com/canadadry/pml/pkg/svg/svgpath/parser.go:17.33,23.2 1 1
github.com/canadadry/pml/pkg/svg/svgpath/parser.go:25.45,28.30 2 1
github.com/canadadry/pml/pkg/svg/svgpath/parser.go:35.2,35.18 1 1
github.com/canadadry/pml/pkg/svg/svgpath/parser.go:28.30,30.17 2 1
github.com/canadadry/pml/pkg/svg/svgpath/parser.go:33.3,33.27 1 1
github.com/canadadry/pml/pkg/svg/svgpath/parser.go:30.17,32.4 1 1
github.com/canadadry/pml/pkg/svg/svgpath/parser.go:38.50,41.33 2 1
github.com/canadadry/pml/pkg/svg/svgpath/parser.go:45.2,49.32 3 1
github.com/canadadry/pml/pkg/svg/svgpath/parser.go:61.2,61.17 1 1
github.com/canadadry/pml/pkg/svg/svgpath/parser.go:41.33,43.3 1 1
github.com/canadadry/pml/pkg/svg/svgpath/parser.go:49.32,51.17 2 1
github.com/canadadry/pml/pkg/svg/svgpath/parser.go:59.3,59.41 1 1
github.com/canadadry/pml/pkg/svg/svgpath/parser.go:51.17,52.28 1 1
github.com/canadadry/pml/pkg/svg/svgpath/parser.go:55.4,55.46 1 1
github.com/canadadry/pml/pkg/svg/svgpath/parser.go:52.28,54.5 1 1
github.com/canadadry/pml/pkg/svg/svgpath/parser.go:55.46,57.5 1 0
github.com/canadadry/pml/pkg/svg/svgpath/parser.go:64.46,70.29 4 1
github.com/canadadry/pml/pkg/svg/svgpath/parser.go:74.2,74.32 1 1
github.com/canadadry/pml/pkg/svg/svgpath/parser.go:77.2,81.19 3 1
github.com/canadadry/pml/pkg/svg/svgpath/parser.go:70.29,72.3 1 1
github.com/canadadry/pml/pkg/svg/svgpath/parser.go:74.32,76.3 1 1
github.com/canadadry/pml/pkg/svg/svgpath/parser.go:84.34,87.2 2 1
github.com/canadadry/pml/pkg/svg/svgpath/parser.go:89.52,91.2 1 1
github.com/canadadry/pml/pkg/svg/svgpath/validator.go:3.40,5.18 1 1
github.com/canadadry/pml/pkg/svg/svgpath/validator.go:48.2,48.14 1 0
github.com/canadadry/pml/pkg/svg/svgpath/validator.go:6.11,7.30 1 1
github.com/canadadry/pml/pkg/svg/svgpath/validator.go:8.11,9.30 1 1
github.com/canadadry/pml/pkg/svg/svgpath/validator.go:10.11,11.30 1 1
github.com/canadadry/pml/pkg/svg/svgpath/validator.go:12.11,13.30 1 1
github.com/canadadry/pml/pkg/svg/svgpath/validator.go:14.11,15.30 1 1
github.com/canadadry/pml/pkg/svg/svgpath/validator.go:16.11,17.30 1 1
github.com/canadadry/pml/pkg/svg/svgpath/validator.go:18.11,19.55 1 1
github.com/canadadry/pml/pkg/svg/svgpath/validator.go:20.11,21.55 1 1
github.com/canadadry/pml/pkg/svg/svgpath/validator.go:22.11,23.55 1 1
github.com/canadadry/pml/pkg/svg/svgpath/validator.go:24.11,25.55 1 1
github.com/canadadry/pml/pkg/svg/svgpath/validator.go:26.11,27.27 1 1
github.com/canadadry/pml/pkg/svg/svgpath/validator.go:30.3,30.30 1 1
github.com/canadadry/pml/pkg/svg/svgpath/validator.go:31.11,32.27 1 1
github.com/canadadry/pml/pkg/svg/svgpath/validator.go:35.3,35.30 1 1
github.com/canadadry/pml/pkg/svg/svgpath/validator.go:36.11,37.27 1 1
github.com/canadadry/pml/pkg/svg/svgpath/validator.go:40.3,40.30 1 1
github.com/canadadry/pml/pkg/svg/svgpath/validator.go:42.11,43.27 1 1
github.com/canadadry/pml/pkg/svg/svgpath/validator.go:46.3,46.30 1 1
github.com/canadadry/pml/pkg/svg/svgpath/validator.go:27.27,29.4 1 1
github.com/canadadry/pml/pkg/svg/svgpath/validator.go:32.27,34.4 1 1
github.com/canadadry/pml/pkg/svg/svgpath/validator.go:37.27,39.4 1 1
github.com/canadadry/pml/pkg/svg/svgpath/validator.go:43.27,45.4 1 1
github.com/canadadry/pml/pkg/template/template.go:12.63,14.16 2 0
github.com/canadadry/pml/pkg/template/template.go:17.2,17.18 1 0
github.com/canadadry/pml/pkg/template/template.go:21.2,23.16 3 0
github.com/canadadry/pml/pkg/template/template.go:27.2,28.16 2 0
github.com/canadadry/pml/pkg/template/template.go:32.2,36.26 4 0
github.com/canadadry/pml/pkg/template/template.go:14.16,16.3 1 0
github.com/canadadry/pml/pkg/template/template.go:17.18,19.3 1 0
github.com/canadadry/pml/pkg/template/template.go:23.16,25.3 1 0
github.com/canadadry/pml/pkg/template/template.go:28.16,30.3 1 0
