mode: set
pml/pkg/lexer/lexer.go:16.32,27.2 3 1
pml/pkg/lexer/lexer.go:29.48,30.29 1 1
pml/pkg/lexer/lexer.go:33.2,40.18 2 1
pml/pkg/lexer/lexer.go:76.2,76.12 1 1
pml/pkg/lexer/lexer.go:30.29,32.3 1 1
pml/pkg/lexer/lexer.go:41.11,43.19 2 1
pml/pkg/lexer/lexer.go:44.11,46.19 2 1
pml/pkg/lexer/lexer.go:47.11,49.19 2 1
pml/pkg/lexer/lexer.go:50.9,53.19 3 1
pml/pkg/lexer/lexer.go:54.11,57.35 3 1
pml/pkg/lexer/lexer.go:58.11,60.44 2 1
pml/pkg/lexer/lexer.go:61.10,62.10 1 1
pml/pkg/lexer/lexer.go:63.27,65.40 2 1
pml/pkg/lexer/lexer.go:66.28,69.24 3 1
pml/pkg/lexer/lexer.go:70.11,72.20 2 1
pml/pkg/lexer/lexer.go:79.32,83.22 2 1
pml/pkg/lexer/lexer.go:88.2,90.36 2 1
pml/pkg/lexer/lexer.go:94.2,95.17 2 1
pml/pkg/lexer/lexer.go:83.22,86.3 2 1
pml/pkg/lexer/lexer.go:90.36,92.3 1 1
pml/pkg/lexer/lexer.go:99.29,101.2 1 1
pml/pkg/lexer/lexer.go:103.45,105.48 2 1
pml/pkg/lexer/lexer.go:108.2,108.42 1 1
pml/pkg/lexer/lexer.go:105.48,107.3 1 1
pml/pkg/lexer/lexer.go:111.30,113.2 1 1
pml/pkg/lexer/lexer.go:115.61,117.26 2 1
pml/pkg/lexer/lexer.go:121.2,121.14 1 1
pml/pkg/lexer/lexer.go:139.2,139.57 1 1
pml/pkg/lexer/lexer.go:117.26,119.3 1 1
pml/pkg/lexer/lexer.go:122.26,123.3 1 1
pml/pkg/lexer/lexer.go:129.23,130.3 1 1
pml/pkg/lexer/lexer.go:123.3,124.50 1 1
pml/pkg/lexer/lexer.go:127.4,127.59 1 1
pml/pkg/lexer/lexer.go:124.50,126.5 1 1
pml/pkg/lexer/lexer.go:130.3,132.28 2 1
pml/pkg/lexer/lexer.go:135.4,135.57 1 1
pml/pkg/lexer/lexer.go:132.28,134.5 1 1
pml/pkg/lexer/lexer.go:142.33,144.2 1 1
pml/pkg/lexer/lexer.go:146.41,148.39 2 1
pml/pkg/lexer/lexer.go:151.2,152.42 2 1
pml/pkg/lexer/lexer.go:148.39,150.3 1 1
pml/pkg/lexer/lexer.go:155.26,157.2 1 1
pml/pkg/lexer/lexer.go:159.31,161.2 1 1
pml/pkg/lexer/lexer.go:163.59,165.27 2 1
pml/pkg/lexer/lexer.go:168.2,169.32 2 1
pml/pkg/lexer/lexer.go:172.2,172.55 1 1
pml/pkg/lexer/lexer.go:165.27,167.3 1 1
pml/pkg/lexer/lexer.go:169.32,171.3 1 1
pml/pkg/parser/parse_item.go:9.49,10.42 1 1
pml/pkg/parser/parse_item.go:14.2,21.16 3 1
pml/pkg/parser/parse_item.go:25.2,25.39 1 1
pml/pkg/parser/parse_item.go:43.2,44.16 2 1
pml/pkg/parser/parse_item.go:48.2,48.18 1 1
pml/pkg/parser/parse_item.go:10.42,12.3 1 1
pml/pkg/parser/parse_item.go:21.16,23.3 1 1
pml/pkg/parser/parse_item.go:25.39,28.33 2 1
pml/pkg/parser/parse_item.go:28.33,29.54 1 1
pml/pkg/parser/parse_item.go:29.54,31.5 1 1
pml/pkg/parser/parse_item.go:32.9,32.46 1 1
pml/pkg/parser/parse_item.go:32.46,34.18 2 1
pml/pkg/parser/parse_item.go:37.4,37.49 1 1
pml/pkg/parser/parse_item.go:34.18,36.5 1 1
pml/pkg/parser/parse_item.go:38.9,40.4 1 1
pml/pkg/parser/parse_item.go:44.16,46.3 1 1
pml/pkg/parser/parse_item.go:51.60,57.8 5 1
pml/pkg/parser/parse_item.go:60.2,61.16 2 1
pml/pkg/parser/parse_item.go:64.2,66.12 2 1
pml/pkg/parser/parse_item.go:57.8,59.3 1 1
pml/pkg/parser/parse_item.go:61.16,63.3 1 1
pml/pkg/parser/parse_item.go:69.51,74.24 2 1
pml/pkg/parser/parse_item.go:87.2,87.81 1 1
pml/pkg/parser/parse_item.go:75.24,76.16 1 1
pml/pkg/parser/parse_item.go:77.21,78.16 1 1
pml/pkg/parser/parse_item.go:79.19,80.16 1 1
pml/pkg/parser/parse_item.go:81.20,82.16 1 1
pml/pkg/parser/parse_item.go:83.19,84.16 1 1
pml/pkg/parser/parser.go:16.33,22.2 1 1
pml/pkg/parser/parser.go:24.45,26.2 1 1
pml/pkg/parser/parser.go:28.34,31.2 2 1
pml/pkg/parser/parser.go:33.58,35.2 1 1
pml/pkg/parser/parser.go:36.55,38.2 1 1
pml/pkg/parser/parser.go:40.62,41.24 1 1
pml/pkg/parser/parser.go:44.2,46.12 2 1
pml/pkg/parser/parser.go:41.24,43.3 1 1
pml/pkg/renderer/svg/svg_draw.go:7.41,11.34 2 1
pml/pkg/renderer/svg/svg_draw.go:90.2,90.36 1 1
pml/pkg/renderer/svg/svg_draw.go:96.2,96.12 1 1
pml/pkg/renderer/svg/svg_draw.go:11.34,12.19 1 1
pml/pkg/renderer/svg/svg_draw.go:13.12,17.18 4 1
pml/pkg/renderer/svg/svg_draw.go:18.12,22.18 4 1
pml/pkg/renderer/svg/svg_draw.go:23.12,27.18 4 1
pml/pkg/renderer/svg/svg_draw.go:28.12,32.18 4 1
pml/pkg/renderer/svg/svg_draw.go:33.12,36.18 3 1
pml/pkg/renderer/svg/svg_draw.go:37.12,40.18 3 1
pml/pkg/renderer/svg/svg_draw.go:41.12,44.18 3 1
pml/pkg/renderer/svg/svg_draw.go:45.12,48.18 3 1
pml/pkg/renderer/svg/svg_draw.go:49.12,50.44 1 1
pml/pkg/renderer/svg/svg_draw.go:57.12,58.44 1 1
pml/pkg/renderer/svg/svg_draw.go:65.12,66.44 1 1
pml/pkg/renderer/svg/svg_draw.go:74.12,75.44 1 1
pml/pkg/renderer/svg/svg_draw.go:83.12,84.28 1 1
pml/pkg/renderer/svg/svg_draw.go:85.12,86.28 1 1
pml/pkg/renderer/svg/svg_draw.go:50.44,56.5 5 1
pml/pkg/renderer/svg/svg_draw.go:58.44,64.5 5 1
pml/pkg/renderer/svg/svg_draw.go:66.44,73.5 6 1
pml/pkg/renderer/svg/svg_draw.go:75.44,82.5 6 1
pml/pkg/renderer/svg/svg_draw.go:90.36,92.17 2 1
pml/pkg/renderer/svg/svg_draw.go:92.17,94.4 1 0
pml/pkg/renderer/svg/svg_group.go:13.90,27.8 4 1
pml/pkg/renderer/svg/svg_group.go:35.2,35.41 1 1
pml/pkg/renderer/svg/svg_group.go:47.2,47.16 1 1
pml/pkg/renderer/svg/svg_group.go:27.8,29.17 2 0
pml/pkg/renderer/svg/svg_group.go:32.3,32.62 1 0
pml/pkg/renderer/svg/svg_group.go:29.17,31.4 1 0
pml/pkg/renderer/svg/svg_group.go:35.41,37.10 2 1
pml/pkg/renderer/svg/svg_group.go:41.3,42.17 2 1
pml/pkg/renderer/svg/svg_group.go:45.3,45.43 1 1
pml/pkg/renderer/svg/svg_group.go:37.10,39.4 1 0
pml/pkg/renderer/svg/svg_group.go:42.17,44.4 1 0
pml/pkg/renderer/svg/svg_group.go:50.73,52.28 1 1
pml/pkg/renderer/svg/svg_group.go:56.2,56.35 1 1
pml/pkg/renderer/svg/svg_group.go:60.2,62.20 3 1
pml/pkg/renderer/svg/svg_group.go:71.2,78.16 7 1
pml/pkg/renderer/svg/svg_group.go:81.2,85.8 1 1
pml/pkg/renderer/svg/svg_group.go:52.28,54.3 1 1
pml/pkg/renderer/svg/svg_group.go:56.35,58.3 1 1
pml/pkg/renderer/svg/svg_group.go:62.20,69.3 2 1
pml/pkg/renderer/svg/svg_group.go:78.16,80.3 1 1
pml/pkg/renderer/svg/svg_path.go:10.89,17.9 3 1
pml/pkg/renderer/svg/svg_path.go:21.2,22.16 2 1
pml/pkg/renderer/svg/svg_path.go:26.2,28.16 2 1
pml/pkg/renderer/svg/svg_path.go:17.9,19.3 1 0
pml/pkg/renderer/svg/svg_path.go:22.16,24.3 1 0
pml/pkg/renderer/svg/svg_rectangle.go:10.94,19.16 3 1
pml/pkg/renderer/svg/svg_rectangle.go:22.2,23.16 2 1
pml/pkg/renderer/svg/svg_rectangle.go:26.2,27.16 2 1
pml/pkg/renderer/svg/svg_rectangle.go:30.2,31.16 2 1
pml/pkg/renderer/svg/svg_rectangle.go:35.2,43.16 2 1
pml/pkg/renderer/svg/svg_rectangle.go:19.16,21.3 1 1
pml/pkg/renderer/svg/svg_rectangle.go:23.16,25.3 1 1
pml/pkg/renderer/svg/svg_rectangle.go:27.16,29.3 1 1
pml/pkg/renderer/svg/svg_rectangle.go:31.16,33.3 1 1
pml/pkg/renderer/svg/svg_circle.go:11.91,20.16 3 1
pml/pkg/renderer/svg/svg_circle.go:23.2,24.16 2 1
pml/pkg/renderer/svg/svg_circle.go:27.2,28.16 2 1
pml/pkg/renderer/svg/svg_circle.go:33.2,43.16 3 1
pml/pkg/renderer/svg/svg_circle.go:20.16,22.3 1 1
pml/pkg/renderer/svg/svg_circle.go:24.16,26.3 1 1
pml/pkg/renderer/svg/svg_circle.go:28.16,30.3 1 1
pml/pkg/renderer/svg/svg.go:32.86,35.16 2 1
pml/pkg/renderer/svg/svg.go:39.2,40.16 2 1
pml/pkg/renderer/svg/svg.go:44.2,44.21 1 1
pml/pkg/renderer/svg/svg.go:35.16,37.3 1 0
pml/pkg/renderer/svg/svg.go:40.16,42.3 1 0
pml/pkg/renderer/svg/svg_main.go:19.78,23.16 3 1
pml/pkg/renderer/svg/svg_main.go:27.2,27.36 1 1
pml/pkg/renderer/svg/svg_main.go:31.2,31.36 1 1
pml/pkg/renderer/svg/svg_main.go:35.2,39.16 4 1
pml/pkg/renderer/svg/svg_main.go:42.2,42.18 1 1
pml/pkg/renderer/svg/svg_main.go:23.16,25.3 1 0
pml/pkg/renderer/svg/svg_main.go:27.36,30.3 2 0
pml/pkg/renderer/svg/svg_main.go:31.36,33.3 1 1
pml/pkg/renderer/svg/svg_main.go:39.16,41.3 1 0
pml/pkg/renderer/svg/svg_main.go:45.70,52.41 5 1
pml/pkg/renderer/svg/svg_main.go:57.2,58.9 2 1
pml/pkg/renderer/svg/svg_main.go:62.2,64.28 2 1
pml/pkg/renderer/svg/svg_main.go:68.2,69.16 2 1
pml/pkg/renderer/svg/svg_main.go:72.2,73.16 2 1
pml/pkg/renderer/svg/svg_main.go:76.2,77.16 2 1
pml/pkg/renderer/svg/svg_main.go:80.2,81.16 2 1
pml/pkg/renderer/svg/svg_main.go:85.2,85.16 1 1
pml/pkg/renderer/svg/svg_main.go:52.41,55.3 2 1
pml/pkg/renderer/svg/svg_main.go:58.9,60.3 1 0
pml/pkg/renderer/svg/svg_main.go:64.28,66.3 1 0
pml/pkg/renderer/svg/svg_main.go:69.16,71.3 1 0
pml/pkg/renderer/svg/svg_main.go:73.16,75.3 1 0
pml/pkg/renderer/svg/svg_main.go:77.16,79.3 1 0
pml/pkg/renderer/svg/svg_main.go:81.16,83.3 1 0
pml/pkg/renderer/svg/svg_style.go:12.85,21.9 3 1
pml/pkg/renderer/svg/svg_style.go:25.2,27.25 2 1
pml/pkg/renderer/svg/svg_style.go:60.2,60.10 1 1
pml/pkg/renderer/svg/svg_style.go:21.9,23.3 1 1
pml/pkg/renderer/svg/svg_style.go:27.25,29.20 2 1
pml/pkg/renderer/svg/svg_style.go:32.3,32.17 1 1
pml/pkg/renderer/svg/svg_style.go:29.20,30.12 1 1
pml/pkg/renderer/svg/svg_style.go:33.15,35.18 2 1
pml/pkg/renderer/svg/svg_style.go:38.4,39.17 2 1
pml/pkg/renderer/svg/svg_style.go:40.17,42.18 2 0
pml/pkg/renderer/svg/svg_style.go:45.4,46.22 2 0
pml/pkg/renderer/svg/svg_style.go:47.23,49.38 1 0
pml/pkg/renderer/svg/svg_style.go:35.18,36.13 1 0
pml/pkg/renderer/svg/svg_style.go:42.18,43.13 1 0
pml/pkg/renderer/svg/svg_style.go:49.38,51.19 2 0
pml/pkg/renderer/svg/svg_style.go:54.5,55.28 2 0
pml/pkg/renderer/svg/svg_style.go:51.19,52.14 1 0
pml/pkg/renderer/svg/svg_style.go:63.60,65.52 1 1
pml/pkg/renderer/svg/svg_style.go:73.2,75.25 3 1
pml/pkg/renderer/svg/svg_style.go:78.2,79.16 2 1
pml/pkg/renderer/svg/svg_style.go:82.2,83.16 2 1
pml/pkg/renderer/svg/svg_style.go:86.2,87.16 2 1
pml/pkg/renderer/svg/svg_style.go:91.2,91.57 1 1
pml/pkg/renderer/svg/svg_style.go:65.52,67.10 2 0
pml/pkg/renderer/svg/svg_style.go:70.3,70.18 1 0
pml/pkg/renderer/svg/svg_style.go:67.10,69.4 1 0
pml/pkg/renderer/svg/svg_style.go:75.25,77.3 1 0
pml/pkg/renderer/svg/svg_style.go:79.16,81.3 1 0
pml/pkg/renderer/svg/svg_style.go:83.16,85.3 1 0
pml/pkg/renderer/svg/svg_style.go:87.16,89.3 1 0
pml/pkg/renderer/svg/matrix/matrix.go:24.10,28.2 1 1
pml/pkg/renderer/svg/matrix/matrix.go:30.24,32.2 1 1
pml/pkg/renderer/svg/matrix/matrix.go:34.32,36.2 1 1
pml/pkg/renderer/svg/matrix/matrix.go:38.45,50.2 1 1
pml/pkg/renderer/svg/matrix/matrix.go:52.86,54.2 1 1
pml/pkg/renderer/svg/matrix/matrix.go:56.71,59.2 2 1
pml/pkg/renderer/svg/matrix/matrix.go:61.54,68.2 2 1
pml/pkg/renderer/svg/matrix/matrix.go:70.46,80.2 4 1
pml/pkg/renderer/svg/matrix/matrix.go:82.58,90.2 2 1
pml/pkg/renderer/svg/matrix/matrix.go:92.50,94.44 2 1
pml/pkg/renderer/svg/matrix/matrix.go:97.2,97.44 1 1
pml/pkg/renderer/svg/matrix/matrix.go:100.2,100.44 1 1
pml/pkg/renderer/svg/matrix/matrix.go:103.2,103.44 1 1
pml/pkg/renderer/svg/matrix/matrix.go:106.2,106.44 1 1
pml/pkg/renderer/svg/matrix/matrix.go:109.2,109.44 1 1
pml/pkg/renderer/svg/matrix/matrix.go:112.2,112.44 1 1
pml/pkg/renderer/svg/matrix/matrix.go:115.2,115.44 1 1
pml/pkg/renderer/svg/matrix/matrix.go:118.2,118.44 1 1
pml/pkg/renderer/svg/matrix/matrix.go:121.2,121.12 1 1
pml/pkg/renderer/svg/matrix/matrix.go:94.44,96.3 1 1
pml/pkg/renderer/svg/matrix/matrix.go:97.44,99.3 1 0
pml/pkg/renderer/svg/matrix/matrix.go:100.44,102.3 1 1
pml/pkg/renderer/svg/matrix/matrix.go:103.44,105.3 1 0
pml/pkg/renderer/svg/matrix/matrix.go:106.44,108.3 1 0
pml/pkg/renderer/svg/matrix/matrix.go:109.44,111.3 1 0
pml/pkg/renderer/svg/matrix/matrix.go:112.44,114.3 1 0
pml/pkg/renderer/svg/matrix/matrix.go:115.44,117.3 1 0
pml/pkg/renderer/svg/matrix/matrix.go:118.44,120.3 1 0
pml/pkg/renderer/svg/svgparser/svg_parser.go:25.48,27.16 2 1
pml/pkg/renderer/svg/svgparser/svg_parser.go:30.2,33.16 4 1
pml/pkg/renderer/svg/svgparser/svg_parser.go:36.2,36.65 1 1
pml/pkg/renderer/svg/svgparser/svg_parser.go:39.2,39.21 1 1
pml/pkg/renderer/svg/svgparser/svg_parser.go:27.16,29.3 1 0
pml/pkg/renderer/svg/svgparser/svg_parser.go:33.16,35.3 1 0
pml/pkg/renderer/svg/svgparser/svg_parser.go:36.65,38.3 1 0
pml/pkg/renderer/svg/svgparser/svg_parser.go:42.62,43.6 1 1
pml/pkg/renderer/svg/svgparser/svg_parser.go:58.2,58.24 1 1
pml/pkg/renderer/svg/svgparser/svg_parser.go:43.6,45.36 2 1
pml/pkg/renderer/svg/svgparser/svg_parser.go:49.3,49.17 1 1
pml/pkg/renderer/svg/svgparser/svg_parser.go:53.3,53.34 1 1
pml/pkg/renderer/svg/svgparser/svg_parser.go:45.36,46.9 1 1
pml/pkg/renderer/svg/svgparser/svg_parser.go:49.17,51.4 1 0
pml/pkg/renderer/svg/svgparser/svg_parser.go:54.25,55.35 1 1
pml/pkg/renderer/svg/svgparser/svg_parser.go:61.50,64.34 3 1
pml/pkg/renderer/svg/svgparser/svg_parser.go:67.2,69.16 3 1
pml/pkg/renderer/svg/svgparser/svg_parser.go:64.34,66.3 1 1
pml/pkg/renderer/svg/svgparser/svg_parser.go:72.54,73.6 1 1
pml/pkg/renderer/svg/svgparser/svg_parser.go:105.2,105.12 1 1
pml/pkg/renderer/svg/svgparser/svg_parser.go:73.6,75.36 2 1
pml/pkg/renderer/svg/svgparser/svg_parser.go:79.3,79.17 1 1
pml/pkg/renderer/svg/svgparser/svg_parser.go:83.3,83.34 1 1
pml/pkg/renderer/svg/svgparser/svg_parser.go:75.36,76.9 1 1
pml/pkg/renderer/svg/svgparser/svg_parser.go:79.17,81.4 1 0
pml/pkg/renderer/svg/svgparser/svg_parser.go:84.25,87.18 3 1
pml/pkg/renderer/svg/svgparser/svg_parser.go:91.4,91.48 1 1
pml/pkg/renderer/svg/svgparser/svg_parser.go:93.21,95.18 2 1
pml/pkg/renderer/svg/svgparser/svg_parser.go:99.23,100.36 1 1
pml/pkg/renderer/svg/svgparser/svg_parser.go:87.18,89.5 1 0
pml/pkg/renderer/svg/svgparser/svg_parser.go:95.18,97.5 1 1
pml/pkg/renderer/svg/svgparser/svg_parser.go:100.36,102.5 1 1
pml/pkg/renderer/svg/svgparser/svg_parser.go:108.75,110.9 2 0
pml/pkg/renderer/svg/svgparser/svg_parser.go:114.2,115.16 2 0
pml/pkg/renderer/svg/svgparser/svg_parser.go:119.2,119.20 1 0
pml/pkg/renderer/svg/svgparser/svg_parser.go:110.9,112.3 1 0
pml/pkg/renderer/svg/svgparser/svg_parser.go:115.16,117.3 1 0
pml/pkg/renderer/svg/svgpath/ast.go:18.36,22.29 2 1
pml/pkg/renderer/svg/svgpath/ast.go:26.2,26.58 1 1
pml/pkg/renderer/svg/svgpath/ast.go:22.29,24.3 1 1
pml/pkg/renderer/svg/svgpath/lexer.go:10.37,19.2 3 1
pml/pkg/renderer/svg/svgpath/lexer.go:21.42,22.29 1 1
pml/pkg/renderer/svg/svgpath/lexer.go:25.2,30.18 2 1
pml/pkg/renderer/svg/svgpath/lexer.go:59.2,59.12 1 1
pml/pkg/renderer/svg/svgpath/lexer.go:22.29,24.3 1 1
pml/pkg/renderer/svg/svgpath/lexer.go:31.11,33.19 2 1
pml/pkg/renderer/svg/svgpath/lexer.go:34.9,37.19 3 1
pml/pkg/renderer/svg/svgpath/lexer.go:38.11,42.23 4 1
pml/pkg/renderer/svg/svgpath/lexer.go:43.10,44.10 1 1
pml/pkg/renderer/svg/svgpath/lexer.go:45.27,48.20 3 1
pml/pkg/renderer/svg/svgpath/lexer.go:49.28,52.24 3 1
pml/pkg/renderer/svg/svgpath/lexer.go:53.11,55.20 2 1
pml/pkg/renderer/svg/svgpath/lexer.go:62.32,65.36 2 1
pml/pkg/renderer/svg/svgpath/lexer.go:69.2,70.17 2 1
pml/pkg/renderer/svg/svgpath/lexer.go:65.36,67.3 1 1
pml/pkg/renderer/svg/svgpath/lexer.go:74.29,76.2 1 1
pml/pkg/renderer/svg/svgpath/lexer.go:78.30,80.2 1 1
pml/pkg/renderer/svg/svgpath/lexer.go:82.55,84.26 2 1
pml/pkg/renderer/svg/svgpath/lexer.go:88.2,88.21 1 1
pml/pkg/renderer/svg/svgpath/lexer.go:95.2,95.50 1 1
pml/pkg/renderer/svg/svgpath/lexer.go:84.26,86.3 1 1
pml/pkg/renderer/svg/svgpath/lexer.go:88.21,90.27 2 1
pml/pkg/renderer/svg/svgpath/lexer.go:90.27,92.4 1 1
pml/pkg/renderer/svg/svgpath/lexer.go:97.26,99.2 1 1
pml/pkg/renderer/svg/svgpath/lexer.go:101.33,103.2 1 1
pml/pkg/renderer/svg/svgpath/main.go:10.44,15.16 4 0
pml/pkg/renderer/svg/svgpath/main.go:19.2,19.31 1 0
pml/pkg/renderer/svg/svgpath/main.go:24.2,24.22 1 0
pml/pkg/renderer/svg/svgpath/main.go:15.16,17.3 1 0
pml/pkg/renderer/svg/svgpath/main.go:19.31,20.36 1 0
pml/pkg/renderer/svg/svgpath/main.go:20.36,22.4 1 0
pml/pkg/renderer/svg/svgpath/parser.go:17.33,23.2 1 1
pml/pkg/renderer/svg/svgpath/parser.go:25.45,28.30 2 1
pml/pkg/renderer/svg/svgpath/parser.go:35.2,35.18 1 1
pml/pkg/renderer/svg/svgpath/parser.go:28.30,30.17 2 1
pml/pkg/renderer/svg/svgpath/parser.go:33.3,33.27 1 1
pml/pkg/renderer/svg/svgpath/parser.go:30.17,32.4 1 1
pml/pkg/renderer/svg/svgpath/parser.go:38.50,41.33 2 1
pml/pkg/renderer/svg/svgpath/parser.go:45.2,49.32 3 1
pml/pkg/renderer/svg/svgpath/parser.go:61.2,61.17 1 1
pml/pkg/renderer/svg/svgpath/parser.go:41.33,43.3 1 1
pml/pkg/renderer/svg/svgpath/parser.go:49.32,51.17 2 1
pml/pkg/renderer/svg/svgpath/parser.go:59.3,59.41 1 1
pml/pkg/renderer/svg/svgpath/parser.go:51.17,52.28 1 1
pml/pkg/renderer/svg/svgpath/parser.go:55.4,55.46 1 1
pml/pkg/renderer/svg/svgpath/parser.go:52.28,54.5 1 1
pml/pkg/renderer/svg/svgpath/parser.go:55.46,57.5 1 0
pml/pkg/renderer/svg/svgpath/parser.go:64.46,70.29 4 1
pml/pkg/renderer/svg/svgpath/parser.go:74.2,74.32 1 1
pml/pkg/renderer/svg/svgpath/parser.go:77.2,81.19 3 1
pml/pkg/renderer/svg/svgpath/parser.go:70.29,72.3 1 1
pml/pkg/renderer/svg/svgpath/parser.go:74.32,76.3 1 1
pml/pkg/renderer/svg/svgpath/parser.go:84.34,87.2 2 1
pml/pkg/renderer/svg/svgpath/parser.go:89.52,91.2 1 1
pml/pkg/renderer/svg/svgpath/validator.go:3.40,5.18 1 1
pml/pkg/renderer/svg/svgpath/validator.go:48.2,48.14 1 0
pml/pkg/renderer/svg/svgpath/validator.go:6.11,7.30 1 1
pml/pkg/renderer/svg/svgpath/validator.go:8.11,9.30 1 1
pml/pkg/renderer/svg/svgpath/validator.go:10.11,11.30 1 1
pml/pkg/renderer/svg/svgpath/validator.go:12.11,13.30 1 1
pml/pkg/renderer/svg/svgpath/validator.go:14.11,15.30 1 1
pml/pkg/renderer/svg/svgpath/validator.go:16.11,17.30 1 1
pml/pkg/renderer/svg/svgpath/validator.go:18.11,19.55 1 1
pml/pkg/renderer/svg/svgpath/validator.go:20.11,21.55 1 1
pml/pkg/renderer/svg/svgpath/validator.go:22.11,23.55 1 1
pml/pkg/renderer/svg/svgpath/validator.go:24.11,25.55 1 1
pml/pkg/renderer/svg/svgpath/validator.go:26.11,27.27 1 1
pml/pkg/renderer/svg/svgpath/validator.go:30.3,30.30 1 1
pml/pkg/renderer/svg/svgpath/validator.go:31.11,32.27 1 1
pml/pkg/renderer/svg/svgpath/validator.go:35.3,35.30 1 1
pml/pkg/renderer/svg/svgpath/validator.go:36.11,37.27 1 1
pml/pkg/renderer/svg/svgpath/validator.go:40.3,40.30 1 1
pml/pkg/renderer/svg/svgpath/validator.go:42.11,43.27 1 1
pml/pkg/renderer/svg/svgpath/validator.go:46.3,46.30 1 1
pml/pkg/renderer/svg/svgpath/validator.go:27.27,29.4 1 1
pml/pkg/renderer/svg/svgpath/validator.go:32.27,34.4 1 1
pml/pkg/renderer/svg/svgpath/validator.go:37.27,39.4 1 1
pml/pkg/renderer/svg/svgpath/validator.go:43.27,45.4 1 1
